

Microchip Technology PIC LITE Macro Assembler V1.38 build -256452561 
                                                                                               Thu May 03 14:42:15 2018

Microchip Technology Omniscient Code Generator v1.38 (Free mode) build 201607010351
     1                           	processor	16F877A
     2                           	opt	pw 120
     3                           	opt	lm
     4                           	psect	cinit,global,class=CODE,merge=1,delta=2
     5                           	psect	cstackCOMMON,global,class=COMMON,space=1,delta=1
     6                           	psect	maintext,global,class=CODE,split=1,delta=2
     7                           	dabs	1,0x7E,2
     8  0000                     	;# 
     9  0001                     	;# 
    10  0002                     	;# 
    11  0003                     	;# 
    12  0004                     	;# 
    13  0005                     	;# 
    14  0006                     	;# 
    15  0007                     	;# 
    16  0008                     	;# 
    17  0009                     	;# 
    18  000A                     	;# 
    19  000B                     	;# 
    20  000C                     	;# 
    21  000D                     	;# 
    22  000E                     	;# 
    23  000E                     	;# 
    24  000F                     	;# 
    25  0010                     	;# 
    26  0011                     	;# 
    27  0012                     	;# 
    28  0013                     	;# 
    29  0014                     	;# 
    30  0015                     	;# 
    31  0015                     	;# 
    32  0016                     	;# 
    33  0017                     	;# 
    34  0018                     	;# 
    35  0019                     	;# 
    36  001A                     	;# 
    37  001B                     	;# 
    38  001B                     	;# 
    39  001C                     	;# 
    40  001D                     	;# 
    41  001E                     	;# 
    42  001F                     	;# 
    43  0081                     	;# 
    44  0085                     	;# 
    45  0086                     	;# 
    46  0087                     	;# 
    47  0088                     	;# 
    48  0089                     	;# 
    49  008C                     	;# 
    50  008D                     	;# 
    51  008E                     	;# 
    52  0091                     	;# 
    53  0092                     	;# 
    54  0093                     	;# 
    55  0094                     	;# 
    56  0098                     	;# 
    57  0099                     	;# 
    58  009C                     	;# 
    59  009D                     	;# 
    60  009E                     	;# 
    61  009F                     	;# 
    62  010C                     	;# 
    63  010D                     	;# 
    64  010E                     	;# 
    65  010F                     	;# 
    66  018C                     	;# 
    67  018D                     	;# 
    68  0006                     _PORTB	set	6
    69  0008                     _PORTD	set	8
    70  0030                     _RB0	set	48
    71  0031                     _RB1	set	49
    72  0040                     _RD0	set	64
    73  0041                     _RD1	set	65
    74  0086                     _TRISB	set	134
    75  0088                     _TRISD	set	136
    76                           
    77                           ; #config settings
    78  0000                     
    79                           	psect	cinit
    80  07FC                     start_initialization:	
    81  07FC                     __initialization:	
    82  07FC                     end_of_initialization:	
    83                           ;End of C runtime variable initialization code
    84                           
    85  07FC                     __end_of__initialization:	
    86  07FC  0183               	clrf	3
    87  07FD  120A  118A  2FBE   	ljmp	_main	;jump to C main() function
    88                           
    89                           	psect	cstackCOMMON
    90  0070                     __pcstackCOMMON:	
    91  0070                     ?_main:	
    92  0070                     ??_main:	
    93                           ; 1 bytes @ 0x0
    94                           
    95                           
    96                           ; 1 bytes @ 0x0
    97  0070                     	ds	3
    98                           
    99                           	psect	maintext
   100  07BE                     __pmaintext:	
   101 ;;
   102 ;;Main: autosize = 0, tempsize = 3, incstack = 0, save=0
   103 ;;
   104 ;; *************** function _main *****************
   105 ;; Defined at:
   106 ;;		line 24 in file "main.c"
   107 ;; Parameters:    Size  Location     Type
   108 ;;		None
   109 ;; Auto vars:     Size  Location     Type
   110 ;;		None
   111 ;; Return value:  Size  Location     Type
   112 ;;                  1    wreg      void 
   113 ;; Registers used:
   114 ;;		wreg, status,2
   115 ;; Tracked objects:
   116 ;;		On entry : B00/0
   117 ;;		On exit  : 0/0
   118 ;;		Unchanged: 0/0
   119 ;; Data sizes:     COMMON   BANK0   BANK1   BANK3   BANK2
   120 ;;      Params:         0       0       0       0       0
   121 ;;      Locals:         0       0       0       0       0
   122 ;;      Temps:          3       0       0       0       0
   123 ;;      Totals:         3       0       0       0       0
   124 ;;Total ram usage:        3 bytes
   125 ;; This function calls:
   126 ;;		Nothing
   127 ;; This function is called by:
   128 ;;		Startup code after reset
   129 ;; This function uses a non-reentrant model
   130 ;;
   131                           
   132                           
   133                           ;psect for function _main
   134  07BE                     _main:	
   135                           
   136                           ;main.c: 25: TRISB = 0;
   137                           
   138                           ;incstack = 0
   139                           ; Regs used in _main: [wreg+status,2]
   140  07BE  1683               	bsf	3,5	;RP0=1, select bank1
   141  07BF  1303               	bcf	3,6	;RP1=0, select bank1
   142  07C0  0186               	clrf	6	;volatile
   143                           
   144                           ;main.c: 26: PORTB = 0;
   145  07C1  1283               	bcf	3,5	;RP0=0, select bank0
   146  07C2  1303               	bcf	3,6	;RP1=0, select bank0
   147  07C3  0186               	clrf	6	;volatile
   148                           
   149                           ;main.c: 28: TRISD = 0;
   150  07C4  1683               	bsf	3,5	;RP0=1, select bank1
   151  07C5  1303               	bcf	3,6	;RP1=0, select bank1
   152  07C6  0188               	clrf	8	;volatile
   153                           
   154                           ;main.c: 29: PORTD = 0;
   155  07C7  1283               	bcf	3,5	;RP0=0, select bank0
   156  07C8  1303               	bcf	3,6	;RP1=0, select bank0
   157  07C9  0188               	clrf	8	;volatile
   158  07CA                     l487:	
   159                           ;main.c: 31: while(1){
   160                           
   161                           
   162                           ;main.c: 32: if((RB0 == 1) && (RB1 == 1)){
   163  07CA  1806               	btfsc	6,0	;volatile
   164  07CB  1C86               	btfss	6,1	;volatile
   165  07CC  2FCA               	goto	l487
   166                           
   167                           ;main.c: 33: RD0 = 1;
   168  07CD  1408               	bsf	8,0	;volatile
   169                           
   170                           ;main.c: 34: _delay((unsigned long)((2000)*(20000000/4000.0)));
   171  07CE  3033               	movlw	51
   172  07CF  00F2               	movwf	??_main+2
   173  07D0  30BC               	movlw	188
   174  07D1  00F1               	movwf	??_main+1
   175  07D2  3010               	movlw	16
   176  07D3  00F0               	movwf	??_main
   177  07D4                     u37:	
   178  07D4  0BF0               	decfsz	??_main,f
   179  07D5  2FD4               	goto	u37
   180  07D6  0BF1               	decfsz	??_main+1,f
   181  07D7  2FD4               	goto	u37
   182  07D8  0BF2               	decfsz	??_main+2,f
   183  07D9  2FD4               	goto	u37
   184                           
   185                           ;main.c: 35: RD0 = 0;
   186  07DA  1283               	bcf	3,5	;RP0=0, select bank0
   187  07DB  1303               	bcf	3,6	;RP1=0, select bank0
   188  07DC  1008               	bcf	8,0	;volatile
   189                           
   190                           ;main.c: 36: _delay((unsigned long)((2000)*(20000000/4000.0)));
   191  07DD  3033               	movlw	51
   192  07DE  00F2               	movwf	??_main+2
   193  07DF  30BC               	movlw	188
   194  07E0  00F1               	movwf	??_main+1
   195  07E1  3010               	movlw	16
   196  07E2  00F0               	movwf	??_main
   197  07E3                     u47:	
   198  07E3  0BF0               	decfsz	??_main,f
   199  07E4  2FE3               	goto	u47
   200  07E5  0BF1               	decfsz	??_main+1,f
   201  07E6  2FE3               	goto	u47
   202  07E7  0BF2               	decfsz	??_main+2,f
   203  07E8  2FE3               	goto	u47
   204                           
   205                           ;main.c: 37: RD1 = 1;
   206  07E9  1283               	bcf	3,5	;RP0=0, select bank0
   207  07EA  1303               	bcf	3,6	;RP1=0, select bank0
   208  07EB  1488               	bsf	8,1	;volatile
   209                           
   210                           ;main.c: 38: _delay((unsigned long)((2000)*(20000000/4000.0)));
   211  07EC  3033               	movlw	51
   212  07ED  00F2               	movwf	??_main+2
   213  07EE  30BC               	movlw	188
   214  07EF  00F1               	movwf	??_main+1
   215  07F0  3010               	movlw	16
   216  07F1  00F0               	movwf	??_main
   217  07F2                     u57:	
   218  07F2  0BF0               	decfsz	??_main,f
   219  07F3  2FF2               	goto	u57
   220  07F4  0BF1               	decfsz	??_main+1,f
   221  07F5  2FF2               	goto	u57
   222  07F6  0BF2               	decfsz	??_main+2,f
   223  07F7  2FF2               	goto	u57
   224                           
   225                           ;main.c: 39: RD1 = 0;
   226  07F8  1283               	bcf	3,5	;RP0=0, select bank0
   227  07F9  1303               	bcf	3,6	;RP1=0, select bank0
   228  07FA  1088               	bcf	8,1	;volatile
   229  07FB  2FCA               	goto	l487
   230  07FC                     __end_of_main:	
   231  007E                     btemp	set	126	;btemp
   232  007E                     wtemp	set	126
   233  007E                     wtemp0	set	126
   234  0080                     wtemp1	set	128
   235  0082                     wtemp2	set	130
   236  0084                     wtemp3	set	132
   237  0086                     wtemp4	set	134
   238  0088                     wtemp5	set	136
   239  007F                     wtemp6	set	127
   240  007E                     ttemp	set	126
   241  007E                     ttemp0	set	126
   242  0081                     ttemp1	set	129
   243  0084                     ttemp2	set	132
   244  0087                     ttemp3	set	135
   245  007F                     ttemp4	set	127
   246  007E                     ltemp	set	126
   247  007E                     ltemp0	set	126
   248  0082                     ltemp1	set	130
   249  0086                     ltemp2	set	134
   250  0080                     ltemp3	set	128


Data Sizes:
    Strings     0
    Constant    0
    Data        0
    BSS         0
    Persistent  0
    Stack       0

Auto Spaces:
    Space          Size  Autos    Used
    COMMON           14      3       3
    BANK0            80      0       0
    BANK1            80      0       0
    BANK3            96      0       0
    BANK2            96      0       0

Pointer List with Targets:

    None.

Critical Paths under _main in COMMON

    None.

Critical Paths under _main in BANK0

    None.

Critical Paths under _main in BANK1

    None.

Critical Paths under _main in BANK3

    None.

Critical Paths under _main in BANK2

    None.

Call Graph Tables:

 ---------------------------------------------------------------------------------
 (Depth) Function   	        Calls       Base Space   Used Autos Params    Refs
 ---------------------------------------------------------------------------------
 (0) _main                                                 3     3      0       0
                                              0 COMMON     3     3      0
 ---------------------------------------------------------------------------------
 Estimated maximum stack depth 0
 ---------------------------------------------------------------------------------

 Call Graph Graphs:

 _main (ROOT)

 Address spaces:
Name               Size   Autos  Total    Cost      Usage
BITCOMMON            E      0       0       0        0.0%
EEDATA             100      0       0       0        0.0%
NULL                 0      0       0       0        0.0%
CODE                 0      0       0       0        0.0%
COMMON               E      3       3       1       21.4%
BITSFR0              0      0       0       1        0.0%
SFR0                 0      0       0       1        0.0%
BITSFR1              0      0       0       2        0.0%
SFR1                 0      0       0       2        0.0%
STACK                0      0       0       2        0.0%
ABS                  0      0       0       3        0.0%
BITBANK0            50      0       0       4        0.0%
BITSFR3              0      0       0       4        0.0%
SFR3                 0      0       0       4        0.0%
BANK0               50      0       0       5        0.0%
BITSFR2              0      0       0       5        0.0%
SFR2                 0      0       0       5        0.0%
BITBANK1            50      0       0       6        0.0%
BANK1               50      0       0       7        0.0%
BITBANK3            60      0       0       8        0.0%
BANK3               60      0       0       9        0.0%
BITBANK2            60      0       0      10        0.0%
BANK2               60      0       0      11        0.0%
DATA                 0      0       0      12        0.0%


Microchip Technology PIC Macro Assembler V1.38 build -256452561 
Symbol Table                                                                                   Thu May 03 14:42:15 2018

            __CFG_CP$OFF 0000                       u37 07D4                       u47 07E3  
                     u57 07F2              __CFG_LVP$ON 0000                      l487 07CA  
                    _RB0 0030                      _RB1 0031                      _RD0 0040  
                    _RD1 0041             __CFG_CPD$OFF 0000             __CFG_FOSC$HS 0000  
           __CFG_WRT$OFF 0000                     _main 07BE                     btemp 007E  
          __CFG_BOREN$ON 0000                     ltemp 007E                     start 0000  
                   ttemp 007E                     wtemp 007E                    ?_main 0070  
          __CFG_WDTE$OFF 0000                    _PORTB 0006                    _PORTD 0008  
                  _TRISB 0086                    _TRISD 0088                    ltemp0 007E  
                  ltemp1 0082                    ltemp2 0086                    ltemp3 0080  
                  ttemp0 007E                    ttemp1 0081                    ttemp2 0084  
                  ttemp3 0087                    ttemp4 007F                    status 0003  
                  wtemp0 007E                    wtemp1 0080                    wtemp2 0082  
                  wtemp3 0084                    wtemp4 0086                    wtemp5 0088  
                  wtemp6 007F          __initialization 07FC             __end_of_main 07FC  
                 ??_main 0070           __CFG_PWRTE$OFF 0000  __end_of__initialization 07FC  
         __pcstackCOMMON 0070               __pmaintext 07BE     end_of_initialization 07FC  
    start_initialization 07FC                ___latbits 0002            __size_of_main 003E  
