

Microchip Technology PIC LITE Macro Assembler V1.38 build -256452561 
                                                                                               Thu Apr 26 15:52:06 2018

Microchip Technology Omniscient Code Generator v1.38 (Free mode) build 201607010351
     1                           	processor	16F877A
     2                           	opt	pw 120
     3                           	opt	lm
     4                           	psect	cinit,global,class=CODE,merge=1,delta=2
     5                           	psect	cstackCOMMON,global,class=COMMON,space=1,delta=1
     6                           	psect	maintext,global,class=CODE,split=1,delta=2
     7                           	dabs	1,0x7E,2
     8  0000                     	;# 
     9  0001                     	;# 
    10  0002                     	;# 
    11  0003                     	;# 
    12  0004                     	;# 
    13  0005                     	;# 
    14  0006                     	;# 
    15  0007                     	;# 
    16  0008                     	;# 
    17  0009                     	;# 
    18  000A                     	;# 
    19  000B                     	;# 
    20  000C                     	;# 
    21  000D                     	;# 
    22  000E                     	;# 
    23  000E                     	;# 
    24  000F                     	;# 
    25  0010                     	;# 
    26  0011                     	;# 
    27  0012                     	;# 
    28  0013                     	;# 
    29  0014                     	;# 
    30  0015                     	;# 
    31  0015                     	;# 
    32  0016                     	;# 
    33  0017                     	;# 
    34  0018                     	;# 
    35  0019                     	;# 
    36  001A                     	;# 
    37  001B                     	;# 
    38  001B                     	;# 
    39  001C                     	;# 
    40  001D                     	;# 
    41  001E                     	;# 
    42  001F                     	;# 
    43  0081                     	;# 
    44  0085                     	;# 
    45  0086                     	;# 
    46  0087                     	;# 
    47  0088                     	;# 
    48  0089                     	;# 
    49  008C                     	;# 
    50  008D                     	;# 
    51  008E                     	;# 
    52  0091                     	;# 
    53  0092                     	;# 
    54  0093                     	;# 
    55  0094                     	;# 
    56  0098                     	;# 
    57  0099                     	;# 
    58  009C                     	;# 
    59  009D                     	;# 
    60  009E                     	;# 
    61  009F                     	;# 
    62  010C                     	;# 
    63  010D                     	;# 
    64  010E                     	;# 
    65  010F                     	;# 
    66  018C                     	;# 
    67  018D                     	;# 
    68  0006                     _PORTBbits	set	6
    69  0008                     _PORTDbits	set	8
    70  0086                     _TRISBbits	set	134
    71  0088                     _TRISDbits	set	136
    72                           
    73                           ; #config settings
    74  0000                     
    75                           	psect	cinit
    76  07FC                     start_initialization:	
    77  07FC                     __initialization:	
    78  07FC                     end_of_initialization:	
    79                           ;End of C runtime variable initialization code
    80                           
    81  07FC                     __end_of__initialization:	
    82  07FC  0183               	clrf	3
    83  07FD  120A  118A  2FE1   	ljmp	_main	;jump to C main() function
    84                           
    85                           	psect	cstackCOMMON
    86  0070                     __pcstackCOMMON:	
    87  0070                     ?_main:	
    88  0070                     ??_main:	
    89                           ; 1 bytes @ 0x0
    90                           
    91                           
    92                           ; 1 bytes @ 0x0
    93  0070                     	ds	3
    94                           
    95                           	psect	maintext
    96  07E1                     __pmaintext:	
    97 ;;
    98 ;;Main: autosize = 0, tempsize = 3, incstack = 0, save=0
    99 ;;
   100 ;; *************** function _main *****************
   101 ;; Defined at:
   102 ;;		line 24 in file "main.c"
   103 ;; Parameters:    Size  Location     Type
   104 ;;		None
   105 ;; Auto vars:     Size  Location     Type
   106 ;;		None
   107 ;; Return value:  Size  Location     Type
   108 ;;                  1    wreg      void 
   109 ;; Registers used:
   110 ;;		wreg
   111 ;; Tracked objects:
   112 ;;		On entry : B00/0
   113 ;;		On exit  : 0/0
   114 ;;		Unchanged: 0/0
   115 ;; Data sizes:     COMMON   BANK0   BANK1   BANK3   BANK2
   116 ;;      Params:         0       0       0       0       0
   117 ;;      Locals:         0       0       0       0       0
   118 ;;      Temps:          3       0       0       0       0
   119 ;;      Totals:         3       0       0       0       0
   120 ;;Total ram usage:        3 bytes
   121 ;; This function calls:
   122 ;;		Nothing
   123 ;; This function is called by:
   124 ;;		Startup code after reset
   125 ;; This function uses a non-reentrant model
   126 ;;
   127                           
   128                           
   129                           ;psect for function _main
   130  07E1                     _main:	
   131                           
   132                           ;main.c: 25: TRISBbits.TRISB0 = 1;
   133                           
   134                           ;incstack = 0
   135                           ; Regs used in _main: [wreg]
   136  07E1  1683               	bsf	3,5	;RP0=1, select bank1
   137  07E2  1303               	bcf	3,6	;RP1=0, select bank1
   138  07E3  1406               	bsf	6,0	;volatile
   139                           
   140                           ;main.c: 26: TRISDbits.TRISD0 = 0;
   141  07E4  1008               	bcf	8,0	;volatile
   142                           
   143                           ;main.c: 28: PORTBbits.RB0 = 0;
   144  07E5  1283               	bcf	3,5	;RP0=0, select bank0
   145  07E6  1303               	bcf	3,6	;RP1=0, select bank0
   146  07E7  1006               	bcf	6,0	;volatile
   147  07E8                     L1:	
   148                           
   149                           ;main.c: 29: PORTDbits.RD0 = 0;
   150  07E8  1008               	bcf	8,0	;volatile
   151                           
   152                           ;main.c: 32: if(PORTBbits.RB0 == 1){
   153                           
   154                           ;main.c: 31: while(1){
   155  07E9  1C06               	btfss	6,0	;volatile
   156  07EA  2FF9               	goto	l483
   157                           
   158                           ;main.c: 33: PORTDbits.RD0 = 1;
   159  07EB  1408               	bsf	8,0	;volatile
   160                           
   161                           ;main.c: 34: _delay((unsigned long)((1000)*(20000000/4000.0)));
   162  07EC  301A               	movlw	26
   163  07ED  00F2               	movwf	??_main+2
   164  07EE  305E               	movlw	94
   165  07EF  00F1               	movwf	??_main+1
   166  07F0  3086               	movlw	134
   167  07F1  00F0               	movwf	??_main
   168  07F2                     u27:	
   169  07F2  0BF0               	decfsz	??_main,f
   170  07F3  2FF2               	goto	u27
   171  07F4  0BF1               	decfsz	??_main+1,f
   172  07F5  2FF2               	goto	u27
   173  07F6  0BF2               	decfsz	??_main+2,f
   174  07F7  2FF2               	goto	u27
   175  07F8  0000               	nop
   176  07F9                     l483:	
   177                           
   178                           ;main.c: 35: }
   179                           ;main.c: 36: PORTDbits.RD0 = 0;
   180  07F9  1283               	bcf	3,5	;RP0=0, select bank0
   181  07FA  1303               	bcf	3,6	;RP1=0, select bank0
   182  07FB  2FE8               	goto	L1
   183  07FC                     __end_of_main:	
   184  007E                     btemp	set	126	;btemp
   185  007E                     wtemp	set	126
   186  007E                     wtemp0	set	126
   187  0080                     wtemp1	set	128
   188  0082                     wtemp2	set	130
   189  0084                     wtemp3	set	132
   190  0086                     wtemp4	set	134
   191  0088                     wtemp5	set	136
   192  007F                     wtemp6	set	127
   193  007E                     ttemp	set	126
   194  007E                     ttemp0	set	126
   195  0081                     ttemp1	set	129
   196  0084                     ttemp2	set	132
   197  0087                     ttemp3	set	135
   198  007F                     ttemp4	set	127
   199  007E                     ltemp	set	126
   200  007E                     ltemp0	set	126
   201  0082                     ltemp1	set	130
   202  0086                     ltemp2	set	134
   203  0080                     ltemp3	set	128


Data Sizes:
    Strings     0
    Constant    0
    Data        0
    BSS         0
    Persistent  0
    Stack       0

Auto Spaces:
    Space          Size  Autos    Used
    COMMON           14      3       3
    BANK0            80      0       0
    BANK1            80      0       0
    BANK3            96      0       0
    BANK2            96      0       0

Pointer List with Targets:

    None.

Critical Paths under _main in COMMON

    None.

Critical Paths under _main in BANK0

    None.

Critical Paths under _main in BANK1

    None.

Critical Paths under _main in BANK3

    None.

Critical Paths under _main in BANK2

    None.

Call Graph Tables:

 ---------------------------------------------------------------------------------
 (Depth) Function   	        Calls       Base Space   Used Autos Params    Refs
 ---------------------------------------------------------------------------------
 (0) _main                                                 3     3      0       0
                                              0 COMMON     3     3      0
 ---------------------------------------------------------------------------------
 Estimated maximum stack depth 0
 ---------------------------------------------------------------------------------

 Call Graph Graphs:

 _main (ROOT)

 Address spaces:
Name               Size   Autos  Total    Cost      Usage
BITCOMMON            E      0       0       0        0.0%
EEDATA             100      0       0       0        0.0%
NULL                 0      0       0       0        0.0%
CODE                 0      0       0       0        0.0%
COMMON               E      3       3       1       21.4%
BITSFR0              0      0       0       1        0.0%
SFR0                 0      0       0       1        0.0%
BITSFR1              0      0       0       2        0.0%
SFR1                 0      0       0       2        0.0%
STACK                0      0       0       2        0.0%
ABS                  0      0       0       3        0.0%
BITBANK0            50      0       0       4        0.0%
BITSFR3              0      0       0       4        0.0%
SFR3                 0      0       0       4        0.0%
BANK0               50      0       0       5        0.0%
BITSFR2              0      0       0       5        0.0%
SFR2                 0      0       0       5        0.0%
BITBANK1            50      0       0       6        0.0%
BANK1               50      0       0       7        0.0%
BITBANK3            60      0       0       8        0.0%
BANK3               60      0       0       9        0.0%
BITBANK2            60      0       0      10        0.0%
BANK2               60      0       0      11        0.0%
DATA                 0      0       0      12        0.0%


Microchip Technology PIC Macro Assembler V1.38 build -256452561 
Symbol Table                                                                                   Thu Apr 26 15:52:06 2018

            __CFG_CP$OFF 0000                       u27 07F2              __CFG_LVP$ON 0000  
                    l483 07F9             __CFG_CPD$OFF 0000             __CFG_FOSC$HS 0000  
           __CFG_WRT$OFF 0000                     _main 07E1                     btemp 007E  
          __CFG_BOREN$ON 0000                     ltemp 007E                     start 0000  
                   ttemp 007E                     wtemp 007E                    ?_main 0070  
          __CFG_WDTE$OFF 0000                    ltemp0 007E                    ltemp1 0082  
                  ltemp2 0086                    ltemp3 0080                    ttemp0 007E  
                  ttemp1 0081                    ttemp2 0084                    ttemp3 0087  
                  ttemp4 007F                    status 0003                    wtemp0 007E  
                  wtemp1 0080                    wtemp2 0082                    wtemp3 0084  
                  wtemp4 0086                    wtemp5 0088                    wtemp6 007F  
        __initialization 07FC             __end_of_main 07FC                   ??_main 0070  
         __CFG_PWRTE$OFF 0000  __end_of__initialization 07FC           __pcstackCOMMON 0070  
             __pmaintext 07E1     end_of_initialization 07FC                _PORTBbits 0006  
              _PORTDbits 0008                _TRISBbits 0086                _TRISDbits 0088  
    start_initialization 07FC                ___latbits 0002            __size_of_main 001B  
